[0.643s] Invoking command in '/home/amir/files/workspaces/ROS-Communications-CPP-Python/src/python_package': PYTHONPATH=/home/amir/files/workspaces/ROS-Communications-CPP-Python/build/python_package/prefix_override:/home/amir/files/workspaces/ROS-Communications-CPP-Python/install/python_package/lib/python3.10/site-packages:${PYTHONPATH} /usr/bin/python3 setup.py egg_info --egg-base ../../build/python_package build --build-base /home/amir/files/workspaces/ROS-Communications-CPP-Python/build/python_package/build install --record /home/amir/files/workspaces/ROS-Communications-CPP-Python/build/python_package/install.log --single-version-externally-managed
[0.844s] running egg_info
[0.845s] creating ../../build/python_package/python_package.egg-info
[0.845s] writing ../../build/python_package/python_package.egg-info/PKG-INFO
[0.845s] writing dependency_links to ../../build/python_package/python_package.egg-info/dependency_links.txt
[0.845s] writing entry points to ../../build/python_package/python_package.egg-info/entry_points.txt
[0.845s] writing requirements to ../../build/python_package/python_package.egg-info/requires.txt
[0.846s] writing top-level names to ../../build/python_package/python_package.egg-info/top_level.txt
[0.846s] writing manifest file '../../build/python_package/python_package.egg-info/SOURCES.txt'
[0.847s] reading manifest file '../../build/python_package/python_package.egg-info/SOURCES.txt'
[0.847s] adding license file 'LICENSE'
[0.848s] writing manifest file '../../build/python_package/python_package.egg-info/SOURCES.txt'
[0.848s] running build
[0.848s] running build_py
[0.848s] creating /home/amir/files/workspaces/ROS-Communications-CPP-Python/build/python_package/build
[0.848s] creating /home/amir/files/workspaces/ROS-Communications-CPP-Python/build/python_package/build/lib
[0.848s] creating /home/amir/files/workspaces/ROS-Communications-CPP-Python/build/python_package/build/lib/python_package
[0.848s] copying python_package/__init__.py -> /home/amir/files/workspaces/ROS-Communications-CPP-Python/build/python_package/build/lib/python_package
[0.848s] copying python_package/subscriber_member_function.py -> /home/amir/files/workspaces/ROS-Communications-CPP-Python/build/python_package/build/lib/python_package
[0.848s] running install
[0.849s] /usr/lib/python3/dist-packages/setuptools/command/install.py:34: SetuptoolsDeprecationWarning: setup.py install is deprecated. Use build and pip and other standards-based tools.
[0.849s]   warnings.warn(
[0.849s] running install_lib
[0.850s] creating /home/amir/files/workspaces/ROS-Communications-CPP-Python/install/python_package/lib/python3.10/site-packages/python_package
[0.850s] copying /home/amir/files/workspaces/ROS-Communications-CPP-Python/build/python_package/build/lib/python_package/__init__.py -> /home/amir/files/workspaces/ROS-Communications-CPP-Python/install/python_package/lib/python3.10/site-packages/python_package
[0.850s] copying /home/amir/files/workspaces/ROS-Communications-CPP-Python/build/python_package/build/lib/python_package/subscriber_member_function.py -> /home/amir/files/workspaces/ROS-Communications-CPP-Python/install/python_package/lib/python3.10/site-packages/python_package
[0.850s] byte-compiling /home/amir/files/workspaces/ROS-Communications-CPP-Python/install/python_package/lib/python3.10/site-packages/python_package/__init__.py to __init__.cpython-310.pyc
[0.851s] byte-compiling /home/amir/files/workspaces/ROS-Communications-CPP-Python/install/python_package/lib/python3.10/site-packages/python_package/subscriber_member_function.py to subscriber_member_function.cpython-310.pyc
[0.851s] running install_data
[0.851s] creating /home/amir/files/workspaces/ROS-Communications-CPP-Python/install/python_package/share/ament_index
[0.851s] creating /home/amir/files/workspaces/ROS-Communications-CPP-Python/install/python_package/share/ament_index/resource_index
[0.851s] creating /home/amir/files/workspaces/ROS-Communications-CPP-Python/install/python_package/share/ament_index/resource_index/packages
[0.851s] copying resource/python_package -> /home/amir/files/workspaces/ROS-Communications-CPP-Python/install/python_package/share/ament_index/resource_index/packages
[0.852s] copying package.xml -> /home/amir/files/workspaces/ROS-Communications-CPP-Python/install/python_package/share/python_package
[0.852s] running install_egg_info
[0.853s] Copying ../../build/python_package/python_package.egg-info to /home/amir/files/workspaces/ROS-Communications-CPP-Python/install/python_package/lib/python3.10/site-packages/python_package-0.0.0-py3.10.egg-info
[0.854s] running install_scripts
[0.870s] Installing listener script to /home/amir/files/workspaces/ROS-Communications-CPP-Python/install/python_package/lib/python_package
[0.870s] writing list of installed files to '/home/amir/files/workspaces/ROS-Communications-CPP-Python/build/python_package/install.log'
[0.894s] Invoked command in '/home/amir/files/workspaces/ROS-Communications-CPP-Python/src/python_package' returned '0': PYTHONPATH=/home/amir/files/workspaces/ROS-Communications-CPP-Python/build/python_package/prefix_override:/home/amir/files/workspaces/ROS-Communications-CPP-Python/install/python_package/lib/python3.10/site-packages:${PYTHONPATH} /usr/bin/python3 setup.py egg_info --egg-base ../../build/python_package build --build-base /home/amir/files/workspaces/ROS-Communications-CPP-Python/build/python_package/build install --record /home/amir/files/workspaces/ROS-Communications-CPP-Python/build/python_package/install.log --single-version-externally-managed
