[0.522s] Invoking command in '/home/amir/files/workspaces/ROS-Communications-CPP-Python/src/python_package': PYTHONPATH=/home/amir/files/workspaces/ROS-Communications-CPP-Python/build/python_package/prefix_override:/home/amir/files/workspaces/ROS-Communications-CPP-Python/install/python_package/lib/python3.10/site-packages:${PYTHONPATH} /usr/bin/python3 -W ignore:setup.py install is deprecated setup.py egg_info --egg-base ../../build/python_package build --build-base /home/amir/files/workspaces/ROS-Communications-CPP-Python/build/python_package/build install --record /home/amir/files/workspaces/ROS-Communications-CPP-Python/build/python_package/install.log --single-version-externally-managed install_data
[0.699s] running egg_info
[0.700s] writing ../../build/python_package/python_package.egg-info/PKG-INFO
[0.700s] writing dependency_links to ../../build/python_package/python_package.egg-info/dependency_links.txt
[0.700s] writing entry points to ../../build/python_package/python_package.egg-info/entry_points.txt
[0.700s] writing requirements to ../../build/python_package/python_package.egg-info/requires.txt
[0.700s] writing top-level names to ../../build/python_package/python_package.egg-info/top_level.txt
[0.701s] reading manifest file '../../build/python_package/python_package.egg-info/SOURCES.txt'
[0.702s] adding license file 'LICENSE'
[0.702s] writing manifest file '../../build/python_package/python_package.egg-info/SOURCES.txt'
[0.702s] running build
[0.702s] running build_py
[0.702s] copying python_package/subscriber_member_function.py -> /home/amir/files/workspaces/ROS-Communications-CPP-Python/build/python_package/build/lib/python_package
[0.703s] running install
[0.703s] running install_lib
[0.703s] copying /home/amir/files/workspaces/ROS-Communications-CPP-Python/build/python_package/build/lib/python_package/subscriber_member_function.py -> /home/amir/files/workspaces/ROS-Communications-CPP-Python/install/python_package/lib/python3.10/site-packages/python_package
[0.704s] byte-compiling /home/amir/files/workspaces/ROS-Communications-CPP-Python/install/python_package/lib/python3.10/site-packages/python_package/subscriber_member_function.py to subscriber_member_function.cpython-310.pyc
[0.704s] running install_data
[0.704s] running install_egg_info
[0.705s] removing '/home/amir/files/workspaces/ROS-Communications-CPP-Python/install/python_package/lib/python3.10/site-packages/python_package-0.0.0-py3.10.egg-info' (and everything under it)
[0.706s] Copying ../../build/python_package/python_package.egg-info to /home/amir/files/workspaces/ROS-Communications-CPP-Python/install/python_package/lib/python3.10/site-packages/python_package-0.0.0-py3.10.egg-info
[0.707s] running install_scripts
[0.721s] Installing listener script to /home/amir/files/workspaces/ROS-Communications-CPP-Python/install/python_package/lib/python_package
[0.721s] writing list of installed files to '/home/amir/files/workspaces/ROS-Communications-CPP-Python/build/python_package/install.log'
[0.744s] Invoked command in '/home/amir/files/workspaces/ROS-Communications-CPP-Python/src/python_package' returned '0': PYTHONPATH=/home/amir/files/workspaces/ROS-Communications-CPP-Python/build/python_package/prefix_override:/home/amir/files/workspaces/ROS-Communications-CPP-Python/install/python_package/lib/python3.10/site-packages:${PYTHONPATH} /usr/bin/python3 -W ignore:setup.py install is deprecated setup.py egg_info --egg-base ../../build/python_package build --build-base /home/amir/files/workspaces/ROS-Communications-CPP-Python/build/python_package/build install --record /home/amir/files/workspaces/ROS-Communications-CPP-Python/build/python_package/install.log --single-version-externally-managed install_data
