[35m[1mConsolidate compiler generated dependencies of target talker[0m
[ 50%] [32mBuilding CXX object CMakeFiles/talker.dir/src/publisher_member_function.cpp.o[0m
[100%] [32m[1mLinking CXX executable talker[0m
[100%] Built target talker
-- Install configuration: ""
-- Installing: /home/amir/files/workspaces/ROS-Communications-CPP-Python/install/cpp_package/lib/cpp_package/talker
-- Set runtime path of "/home/amir/files/workspaces/ROS-Communications-CPP-Python/install/cpp_package/lib/cpp_package/talker" to ""
-- Up-to-date: /home/amir/files/workspaces/ROS-Communications-CPP-Python/install/cpp_package/share/ament_index/resource_index/package_run_dependencies/cpp_package
-- Up-to-date: /home/amir/files/workspaces/ROS-Communications-CPP-Python/install/cpp_package/share/ament_index/resource_index/parent_prefix_path/cpp_package
-- Up-to-date: /home/amir/files/workspaces/ROS-Communications-CPP-Python/install/cpp_package/share/cpp_package/environment/ament_prefix_path.sh
-- Up-to-date: /home/amir/files/workspaces/ROS-Communications-CPP-Python/install/cpp_package/share/cpp_package/environment/ament_prefix_path.dsv
-- Up-to-date: /home/amir/files/workspaces/ROS-Communications-CPP-Python/install/cpp_package/share/cpp_package/environment/path.sh
-- Up-to-date: /home/amir/files/workspaces/ROS-Communications-CPP-Python/install/cpp_package/share/cpp_package/environment/path.dsv
-- Up-to-date: /home/amir/files/workspaces/ROS-Communications-CPP-Python/install/cpp_package/share/cpp_package/local_setup.bash
-- Up-to-date: /home/amir/files/workspaces/ROS-Communications-CPP-Python/install/cpp_package/share/cpp_package/local_setup.sh
-- Up-to-date: /home/amir/files/workspaces/ROS-Communications-CPP-Python/install/cpp_package/share/cpp_package/local_setup.zsh
-- Up-to-date: /home/amir/files/workspaces/ROS-Communications-CPP-Python/install/cpp_package/share/cpp_package/local_setup.dsv
-- Installing: /home/amir/files/workspaces/ROS-Communications-CPP-Python/install/cpp_package/share/cpp_package/package.dsv
-- Up-to-date: /home/amir/files/workspaces/ROS-Communications-CPP-Python/install/cpp_package/share/ament_index/resource_index/packages/cpp_package
-- Up-to-date: /home/amir/files/workspaces/ROS-Communications-CPP-Python/install/cpp_package/share/cpp_package/cmake/cpp_packageConfig.cmake
-- Up-to-date: /home/amir/files/workspaces/ROS-Communications-CPP-Python/install/cpp_package/share/cpp_package/cmake/cpp_packageConfig-version.cmake
-- Up-to-date: /home/amir/files/workspaces/ROS-Communications-CPP-Python/install/cpp_package/share/cpp_package/package.xml
