[0.008s] Invoking command in '/home/amir/files/workspaces/ROS-Communications-CPP-Python/build/cpp_package': CMAKE_PREFIX_PATH=${CMAKE_PREFIX_PATH}:/home/amir/files/workspaces/ROS-Communications-CPP-Python/install/python_package:/opt/ros/humble /usr/bin/cmake --build /home/amir/files/workspaces/ROS-Communications-CPP-Python/build/cpp_package -- -j16 -l16
[0.048s] [35m[1mConsolidate compiler generated dependencies of target talker[0m
[0.066s] [ 50%] [32mBuilding CXX object CMakeFiles/talker.dir/src/publisher_member_function.cpp.o[0m
[3.143s] [100%] [32m[1mLinking CXX executable talker[0m
[3.284s] [100%] Built target talker
[3.296s] Invoked command in '/home/amir/files/workspaces/ROS-Communications-CPP-Python/build/cpp_package' returned '0': CMAKE_PREFIX_PATH=${CMAKE_PREFIX_PATH}:/home/amir/files/workspaces/ROS-Communications-CPP-Python/install/python_package:/opt/ros/humble /usr/bin/cmake --build /home/amir/files/workspaces/ROS-Communications-CPP-Python/build/cpp_package -- -j16 -l16
[3.328s] Invoking command in '/home/amir/files/workspaces/ROS-Communications-CPP-Python/build/cpp_package': CMAKE_PREFIX_PATH=${CMAKE_PREFIX_PATH}:/home/amir/files/workspaces/ROS-Communications-CPP-Python/install/python_package:/opt/ros/humble /usr/bin/cmake --install /home/amir/files/workspaces/ROS-Communications-CPP-Python/build/cpp_package
[3.334s] -- Install configuration: ""
[3.334s] -- Installing: /home/amir/files/workspaces/ROS-Communications-CPP-Python/install/cpp_package/lib/cpp_package/talker
[3.336s] -- Set runtime path of "/home/amir/files/workspaces/ROS-Communications-CPP-Python/install/cpp_package/lib/cpp_package/talker" to ""
[3.336s] -- Up-to-date: /home/amir/files/workspaces/ROS-Communications-CPP-Python/install/cpp_package/share/ament_index/resource_index/package_run_dependencies/cpp_package
[3.337s] -- Up-to-date: /home/amir/files/workspaces/ROS-Communications-CPP-Python/install/cpp_package/share/ament_index/resource_index/parent_prefix_path/cpp_package
[3.337s] -- Up-to-date: /home/amir/files/workspaces/ROS-Communications-CPP-Python/install/cpp_package/share/cpp_package/environment/ament_prefix_path.sh
[3.337s] -- Up-to-date: /home/amir/files/workspaces/ROS-Communications-CPP-Python/install/cpp_package/share/cpp_package/environment/ament_prefix_path.dsv
[3.337s] -- Up-to-date: /home/amir/files/workspaces/ROS-Communications-CPP-Python/install/cpp_package/share/cpp_package/environment/path.sh
[3.337s] -- Up-to-date: /home/amir/files/workspaces/ROS-Communications-CPP-Python/install/cpp_package/share/cpp_package/environment/path.dsv
[3.337s] -- Up-to-date: /home/amir/files/workspaces/ROS-Communications-CPP-Python/install/cpp_package/share/cpp_package/local_setup.bash
[3.337s] -- Up-to-date: /home/amir/files/workspaces/ROS-Communications-CPP-Python/install/cpp_package/share/cpp_package/local_setup.sh
[3.337s] -- Up-to-date: /home/amir/files/workspaces/ROS-Communications-CPP-Python/install/cpp_package/share/cpp_package/local_setup.zsh
[3.337s] -- Up-to-date: /home/amir/files/workspaces/ROS-Communications-CPP-Python/install/cpp_package/share/cpp_package/local_setup.dsv
[3.337s] -- Installing: /home/amir/files/workspaces/ROS-Communications-CPP-Python/install/cpp_package/share/cpp_package/package.dsv
[3.337s] -- Up-to-date: /home/amir/files/workspaces/ROS-Communications-CPP-Python/install/cpp_package/share/ament_index/resource_index/packages/cpp_package
[3.338s] -- Up-to-date: /home/amir/files/workspaces/ROS-Communications-CPP-Python/install/cpp_package/share/cpp_package/cmake/cpp_packageConfig.cmake
[3.338s] -- Up-to-date: /home/amir/files/workspaces/ROS-Communications-CPP-Python/install/cpp_package/share/cpp_package/cmake/cpp_packageConfig-version.cmake
[3.338s] -- Up-to-date: /home/amir/files/workspaces/ROS-Communications-CPP-Python/install/cpp_package/share/cpp_package/package.xml
[3.340s] Invoked command in '/home/amir/files/workspaces/ROS-Communications-CPP-Python/build/cpp_package' returned '0': CMAKE_PREFIX_PATH=${CMAKE_PREFIX_PATH}:/home/amir/files/workspaces/ROS-Communications-CPP-Python/install/python_package:/opt/ros/humble /usr/bin/cmake --install /home/amir/files/workspaces/ROS-Communications-CPP-Python/build/cpp_package
