running egg_info
writing ../../build/python_package/python_package.egg-info/PKG-INFO
writing dependency_links to ../../build/python_package/python_package.egg-info/dependency_links.txt
writing entry points to ../../build/python_package/python_package.egg-info/entry_points.txt
writing requirements to ../../build/python_package/python_package.egg-info/requires.txt
writing top-level names to ../../build/python_package/python_package.egg-info/top_level.txt
reading manifest file '../../build/python_package/python_package.egg-info/SOURCES.txt'
adding license file 'LICENSE'
writing manifest file '../../build/python_package/python_package.egg-info/SOURCES.txt'
running build
running build_py
running install
running install_lib
running install_data
running install_egg_info
removing '/home/amir/files/workspaces/ROS-Communications-CPP-Python/install/python_package/lib/python3.10/site-packages/python_package-0.0.0-py3.10.egg-info' (and everything under it)
Copying ../../build/python_package/python_package.egg-info to /home/amir/files/workspaces/ROS-Communications-CPP-Python/install/python_package/lib/python3.10/site-packages/python_package-0.0.0-py3.10.egg-info
running install_scripts
Installing listener script to /home/amir/files/workspaces/ROS-Communications-CPP-Python/install/python_package/lib/python_package
writing list of installed files to '/home/amir/files/workspaces/ROS-Communications-CPP-Python/build/python_package/install.log'
