[0.131s] Invoking command in '/home/amir/files/workspaces/ROS-Communications-CPP-Python/build/cpp_package': CMAKE_PREFIX_PATH=${CMAKE_PREFIX_PATH}:/home/amir/files/workspaces/ROS-Communications-CPP-Python/install/python_package:/opt/ros/humble /usr/bin/cmake --build /home/amir/files/workspaces/ROS-Communications-CPP-Python/build/cpp_package -- -j16 -l16
[0.182s] [100%] Built target talker
[0.395s] Invoked command in '/home/amir/files/workspaces/ROS-Communications-CPP-Python/build/cpp_package' returned '0': CMAKE_PREFIX_PATH=${CMAKE_PREFIX_PATH}:/home/amir/files/workspaces/ROS-Communications-CPP-Python/install/python_package:/opt/ros/humble /usr/bin/cmake --build /home/amir/files/workspaces/ROS-Communications-CPP-Python/build/cpp_package -- -j16 -l16
[0.429s] Invoking command in '/home/amir/files/workspaces/ROS-Communications-CPP-Python/build/cpp_package': CMAKE_PREFIX_PATH=${CMAKE_PREFIX_PATH}:/home/amir/files/workspaces/ROS-Communications-CPP-Python/install/python_package:/opt/ros/humble /usr/bin/cmake --install /home/amir/files/workspaces/ROS-Communications-CPP-Python/build/cpp_package
[0.435s] -- Install configuration: ""
[0.435s] -- Up-to-date: /home/amir/files/workspaces/ROS-Communications-CPP-Python/install/cpp_package/lib/cpp_package/talker
[0.436s] -- Up-to-date: /home/amir/files/workspaces/ROS-Communications-CPP-Python/install/cpp_package/share/ament_index/resource_index/package_run_dependencies/cpp_package
[0.436s] -- Up-to-date: /home/amir/files/workspaces/ROS-Communications-CPP-Python/install/cpp_package/share/ament_index/resource_index/parent_prefix_path/cpp_package
[0.436s] -- Up-to-date: /home/amir/files/workspaces/ROS-Communications-CPP-Python/install/cpp_package/share/cpp_package/environment/ament_prefix_path.sh
[0.436s] -- Up-to-date: /home/amir/files/workspaces/ROS-Communications-CPP-Python/install/cpp_package/share/cpp_package/environment/ament_prefix_path.dsv
[0.436s] -- Up-to-date: /home/amir/files/workspaces/ROS-Communications-CPP-Python/install/cpp_package/share/cpp_package/environment/path.sh
[0.436s] -- Up-to-date: /home/amir/files/workspaces/ROS-Communications-CPP-Python/install/cpp_package/share/cpp_package/environment/path.dsv
[0.436s] -- Up-to-date: /home/amir/files/workspaces/ROS-Communications-CPP-Python/install/cpp_package/share/cpp_package/local_setup.bash
[0.436s] -- Up-to-date: /home/amir/files/workspaces/ROS-Communications-CPP-Python/install/cpp_package/share/cpp_package/local_setup.sh
[0.436s] -- Up-to-date: /home/amir/files/workspaces/ROS-Communications-CPP-Python/install/cpp_package/share/cpp_package/local_setup.zsh
[0.436s] -- Up-to-date: /home/amir/files/workspaces/ROS-Communications-CPP-Python/install/cpp_package/share/cpp_package/local_setup.dsv
[0.436s] -- Up-to-date: /home/amir/files/workspaces/ROS-Communications-CPP-Python/install/cpp_package/share/cpp_package/package.dsv
[0.437s] -- Up-to-date: /home/amir/files/workspaces/ROS-Communications-CPP-Python/install/cpp_package/share/ament_index/resource_index/packages/cpp_package
[0.437s] -- Up-to-date: /home/amir/files/workspaces/ROS-Communications-CPP-Python/install/cpp_package/share/cpp_package/cmake/cpp_packageConfig.cmake
[0.437s] -- Up-to-date: /home/amir/files/workspaces/ROS-Communications-CPP-Python/install/cpp_package/share/cpp_package/cmake/cpp_packageConfig-version.cmake
[0.437s] -- Up-to-date: /home/amir/files/workspaces/ROS-Communications-CPP-Python/install/cpp_package/share/cpp_package/package.xml
[0.438s] Invoked command in '/home/amir/files/workspaces/ROS-Communications-CPP-Python/build/cpp_package' returned '0': CMAKE_PREFIX_PATH=${CMAKE_PREFIX_PATH}:/home/amir/files/workspaces/ROS-Communications-CPP-Python/install/python_package:/opt/ros/humble /usr/bin/cmake --install /home/amir/files/workspaces/ROS-Communications-CPP-Python/build/cpp_package
