[0.832s] DEBUG:colcon:Command line arguments: ['/usr/bin/colcon', 'build', '--packages-select', 'cpp_package', 'python_package']
[0.832s] DEBUG:colcon:Parsed command line arguments: Namespace(log_base=None, log_level=None, verb_name='build', build_base='build', install_base='install', merge_install=False, symlink_install=False, test_result_base=None, continue_on_error=False, executor='parallel', parallel_workers=16, event_handlers=None, ignore_user_meta=False, metas=['./colcon.meta'], base_paths=['.'], packages_ignore=None, packages_ignore_regex=None, paths=None, packages_up_to=None, packages_up_to_regex=None, packages_above=None, packages_above_and_dependencies=None, packages_above_depth=None, packages_select_by_dep=None, packages_skip_by_dep=None, packages_skip_up_to=None, packages_select_build_failed=False, packages_skip_build_finished=False, packages_select_test_failures=False, packages_skip_test_passed=False, packages_select=['cpp_package', 'python_package'], packages_skip=None, packages_select_regex=None, packages_skip_regex=None, packages_start=None, packages_end=None, allow_overriding=[], cmake_args=None, cmake_target=None, cmake_target_skip_unavailable=False, cmake_clean_cache=False, cmake_clean_first=False, cmake_force_configure=False, ament_cmake_args=None, catkin_cmake_args=None, catkin_skip_building_tests=False, verb_parser=<colcon_defaults.argument_parser.defaults.DefaultArgumentsDecorator object at 0x7f37cbd9d510>, verb_extension=<colcon_core.verb.build.BuildVerb object at 0x7f37cc1dae90>, main=<bound method BuildVerb.main of <colcon_core.verb.build.BuildVerb object at 0x7f37cc1dae90>>)
[0.872s] Level 1:colcon.colcon_core.package_discovery:discover_packages(colcon_meta) check parameters
[0.872s] Level 1:colcon.colcon_core.package_discovery:discover_packages(recursive) check parameters
[0.872s] Level 1:colcon.colcon_core.package_discovery:discover_packages(ignore) check parameters
[0.872s] Level 1:colcon.colcon_core.package_discovery:discover_packages(path) check parameters
[0.872s] Level 1:colcon.colcon_core.package_discovery:discover_packages(colcon_meta) discover
[0.873s] Level 1:colcon.colcon_core.package_discovery:discover_packages(recursive) discover
[0.873s] INFO:colcon.colcon_core.package_discovery:Crawling recursively for packages in '/home/amir/files/workspaces/ROS-Communications-CPP-Python'
[0.873s] Level 1:colcon.colcon_core.package_identification:_identify(.) by extensions ['ignore', 'ignore_ament_install']
[0.873s] Level 1:colcon.colcon_core.package_identification:_identify(.) by extension 'ignore'
[0.873s] Level 1:colcon.colcon_core.package_identification:_identify(.) by extension 'ignore_ament_install'
[0.873s] Level 1:colcon.colcon_core.package_identification:_identify(.) by extensions ['colcon_pkg']
[0.873s] Level 1:colcon.colcon_core.package_identification:_identify(.) by extension 'colcon_pkg'
[0.873s] Level 1:colcon.colcon_core.package_identification:_identify(.) by extensions ['colcon_meta']
[0.873s] Level 1:colcon.colcon_core.package_identification:_identify(.) by extension 'colcon_meta'
[0.873s] Level 1:colcon.colcon_core.package_identification:_identify(.) by extensions ['ros']
[0.873s] Level 1:colcon.colcon_core.package_identification:_identify(.) by extension 'ros'
[0.881s] Level 1:colcon.colcon_core.package_identification:_identify(.) by extensions ['cmake', 'python']
[0.881s] Level 1:colcon.colcon_core.package_identification:_identify(.) by extension 'cmake'
[0.881s] Level 1:colcon.colcon_core.package_identification:_identify(.) by extension 'python'
[0.881s] Level 1:colcon.colcon_core.package_identification:_identify(.) by extensions ['python_setup_py']
[0.881s] Level 1:colcon.colcon_core.package_identification:_identify(.) by extension 'python_setup_py'
[0.881s] Level 1:colcon.colcon_core.package_identification:_identify(build) by extensions ['ignore', 'ignore_ament_install']
[0.881s] Level 1:colcon.colcon_core.package_identification:_identify(build) by extension 'ignore'
[0.881s] Level 1:colcon.colcon_core.package_identification:_identify(build) ignored
[0.881s] Level 1:colcon.colcon_core.package_identification:_identify(install) by extensions ['ignore', 'ignore_ament_install']
[0.881s] Level 1:colcon.colcon_core.package_identification:_identify(install) by extension 'ignore'
[0.881s] Level 1:colcon.colcon_core.package_identification:_identify(install) ignored
[0.881s] Level 1:colcon.colcon_core.package_identification:_identify(log) by extensions ['ignore', 'ignore_ament_install']
[0.881s] Level 1:colcon.colcon_core.package_identification:_identify(log) by extension 'ignore'
[0.881s] Level 1:colcon.colcon_core.package_identification:_identify(log) ignored
[0.881s] Level 1:colcon.colcon_core.package_identification:_identify(src) by extensions ['ignore', 'ignore_ament_install']
[0.882s] Level 1:colcon.colcon_core.package_identification:_identify(src) by extension 'ignore'
[0.882s] Level 1:colcon.colcon_core.package_identification:_identify(src) by extension 'ignore_ament_install'
[0.882s] Level 1:colcon.colcon_core.package_identification:_identify(src) by extensions ['colcon_pkg']
[0.882s] Level 1:colcon.colcon_core.package_identification:_identify(src) by extension 'colcon_pkg'
[0.882s] Level 1:colcon.colcon_core.package_identification:_identify(src) by extensions ['colcon_meta']
[0.882s] Level 1:colcon.colcon_core.package_identification:_identify(src) by extension 'colcon_meta'
[0.882s] Level 1:colcon.colcon_core.package_identification:_identify(src) by extensions ['ros']
[0.882s] Level 1:colcon.colcon_core.package_identification:_identify(src) by extension 'ros'
[0.882s] Level 1:colcon.colcon_core.package_identification:_identify(src) by extensions ['cmake', 'python']
[0.882s] Level 1:colcon.colcon_core.package_identification:_identify(src) by extension 'cmake'
[0.882s] Level 1:colcon.colcon_core.package_identification:_identify(src) by extension 'python'
[0.882s] Level 1:colcon.colcon_core.package_identification:_identify(src) by extensions ['python_setup_py']
[0.882s] Level 1:colcon.colcon_core.package_identification:_identify(src) by extension 'python_setup_py'
[0.882s] Level 1:colcon.colcon_core.package_identification:_identify(src/cpp_package) by extensions ['ignore', 'ignore_ament_install']
[0.882s] Level 1:colcon.colcon_core.package_identification:_identify(src/cpp_package) by extension 'ignore'
[0.882s] Level 1:colcon.colcon_core.package_identification:_identify(src/cpp_package) by extension 'ignore_ament_install'
[0.882s] Level 1:colcon.colcon_core.package_identification:_identify(src/cpp_package) by extensions ['colcon_pkg']
[0.882s] Level 1:colcon.colcon_core.package_identification:_identify(src/cpp_package) by extension 'colcon_pkg'
[0.882s] Level 1:colcon.colcon_core.package_identification:_identify(src/cpp_package) by extensions ['colcon_meta']
[0.882s] Level 1:colcon.colcon_core.package_identification:_identify(src/cpp_package) by extension 'colcon_meta'
[0.882s] Level 1:colcon.colcon_core.package_identification:_identify(src/cpp_package) by extensions ['ros']
[0.882s] Level 1:colcon.colcon_core.package_identification:_identify(src/cpp_package) by extension 'ros'
[0.884s] DEBUG:colcon.colcon_core.package_identification:Package 'src/cpp_package' with type 'ros.ament_cmake' and name 'cpp_package'
[0.884s] Level 1:colcon.colcon_core.package_identification:_identify(src/python_package) by extensions ['ignore', 'ignore_ament_install']
[0.884s] Level 1:colcon.colcon_core.package_identification:_identify(src/python_package) by extension 'ignore'
[0.884s] Level 1:colcon.colcon_core.package_identification:_identify(src/python_package) by extension 'ignore_ament_install'
[0.884s] Level 1:colcon.colcon_core.package_identification:_identify(src/python_package) by extensions ['colcon_pkg']
[0.884s] Level 1:colcon.colcon_core.package_identification:_identify(src/python_package) by extension 'colcon_pkg'
[0.884s] Level 1:colcon.colcon_core.package_identification:_identify(src/python_package) by extensions ['colcon_meta']
[0.884s] Level 1:colcon.colcon_core.package_identification:_identify(src/python_package) by extension 'colcon_meta'
[0.885s] Level 1:colcon.colcon_core.package_identification:_identify(src/python_package) by extensions ['ros']
[0.885s] Level 1:colcon.colcon_core.package_identification:_identify(src/python_package) by extension 'ros'
[0.885s] DEBUG:colcon.colcon_core.package_identification:Package 'src/python_package' with type 'ros.ament_python' and name 'python_package'
[0.885s] Level 1:colcon.colcon_core.package_discovery:discover_packages(recursive) using defaults
[0.885s] Level 1:colcon.colcon_core.package_discovery:discover_packages(ignore) discover
[0.885s] Level 1:colcon.colcon_core.package_discovery:discover_packages(ignore) using defaults
[0.885s] Level 1:colcon.colcon_core.package_discovery:discover_packages(path) discover
[0.885s] Level 1:colcon.colcon_core.package_discovery:discover_packages(path) using defaults
[0.966s] Level 1:colcon.colcon_core.package_discovery:discover_packages(prefix_path) check parameters
[0.966s] Level 1:colcon.colcon_core.package_discovery:discover_packages(prefix_path) discover
[0.997s] DEBUG:colcon.colcon_installed_package_information.package_discovery:Found 270 installed packages in /opt/ros/humble
[0.998s] Level 1:colcon.colcon_core.package_discovery:discover_packages(prefix_path) using defaults
[1.076s] Level 5:colcon.colcon_core.verb:set package 'cpp_package' build argument 'cmake_args' from command line to 'None'
[1.076s] Level 5:colcon.colcon_core.verb:set package 'cpp_package' build argument 'cmake_target' from command line to 'None'
[1.076s] Level 5:colcon.colcon_core.verb:set package 'cpp_package' build argument 'cmake_target_skip_unavailable' from command line to 'False'
[1.076s] Level 5:colcon.colcon_core.verb:set package 'cpp_package' build argument 'cmake_clean_cache' from command line to 'False'
[1.076s] Level 5:colcon.colcon_core.verb:set package 'cpp_package' build argument 'cmake_clean_first' from command line to 'False'
[1.076s] Level 5:colcon.colcon_core.verb:set package 'cpp_package' build argument 'cmake_force_configure' from command line to 'False'
[1.076s] Level 5:colcon.colcon_core.verb:set package 'cpp_package' build argument 'ament_cmake_args' from command line to 'None'
[1.076s] Level 5:colcon.colcon_core.verb:set package 'cpp_package' build argument 'catkin_cmake_args' from command line to 'None'
[1.076s] Level 5:colcon.colcon_core.verb:set package 'cpp_package' build argument 'catkin_skip_building_tests' from command line to 'False'
[1.076s] DEBUG:colcon.colcon_core.verb:Building package 'cpp_package' with the following arguments: {'ament_cmake_args': None, 'build_base': '/home/amir/files/workspaces/ROS-Communications-CPP-Python/build/cpp_package', 'catkin_cmake_args': None, 'catkin_skip_building_tests': False, 'cmake_args': None, 'cmake_clean_cache': False, 'cmake_clean_first': False, 'cmake_force_configure': False, 'cmake_target': None, 'cmake_target_skip_unavailable': False, 'install_base': '/home/amir/files/workspaces/ROS-Communications-CPP-Python/install/cpp_package', 'merge_install': False, 'path': '/home/amir/files/workspaces/ROS-Communications-CPP-Python/src/cpp_package', 'symlink_install': False, 'test_result_base': None}
[1.089s] Level 5:colcon.colcon_core.verb:set package 'python_package' build argument 'cmake_args' from command line to 'None'
[1.089s] Level 5:colcon.colcon_core.verb:set package 'python_package' build argument 'cmake_target' from command line to 'None'
[1.089s] Level 5:colcon.colcon_core.verb:set package 'python_package' build argument 'cmake_target_skip_unavailable' from command line to 'False'
[1.089s] Level 5:colcon.colcon_core.verb:set package 'python_package' build argument 'cmake_clean_cache' from command line to 'False'
[1.089s] Level 5:colcon.colcon_core.verb:set package 'python_package' build argument 'cmake_clean_first' from command line to 'False'
[1.089s] Level 5:colcon.colcon_core.verb:set package 'python_package' build argument 'cmake_force_configure' from command line to 'False'
[1.089s] Level 5:colcon.colcon_core.verb:set package 'python_package' build argument 'ament_cmake_args' from command line to 'None'
[1.090s] Level 5:colcon.colcon_core.verb:set package 'python_package' build argument 'catkin_cmake_args' from command line to 'None'
[1.090s] Level 5:colcon.colcon_core.verb:set package 'python_package' build argument 'catkin_skip_building_tests' from command line to 'False'
[1.090s] DEBUG:colcon.colcon_core.verb:Building package 'python_package' with the following arguments: {'ament_cmake_args': None, 'build_base': '/home/amir/files/workspaces/ROS-Communications-CPP-Python/build/python_package', 'catkin_cmake_args': None, 'catkin_skip_building_tests': False, 'cmake_args': None, 'cmake_clean_cache': False, 'cmake_clean_first': False, 'cmake_force_configure': False, 'cmake_target': None, 'cmake_target_skip_unavailable': False, 'install_base': '/home/amir/files/workspaces/ROS-Communications-CPP-Python/install/python_package', 'merge_install': False, 'path': '/home/amir/files/workspaces/ROS-Communications-CPP-Python/src/python_package', 'symlink_install': False, 'test_result_base': None}
[1.101s] INFO:colcon.colcon_core.executor:Executing jobs using 'parallel' executor
[1.115s] DEBUG:colcon.colcon_parallel_executor.executor.parallel:run_until_complete
[1.115s] INFO:colcon.colcon_ros.task.ament_cmake.build:Building ROS package in '/home/amir/files/workspaces/ROS-Communications-CPP-Python/src/cpp_package' with build type 'ament_cmake'
[1.115s] INFO:colcon.colcon_cmake.task.cmake.build:Building CMake package in '/home/amir/files/workspaces/ROS-Communications-CPP-Python/src/cpp_package'
[1.131s] INFO:colcon.colcon_core.plugin_system:Skipping extension 'colcon_core.shell.bat': Not used on non-Windows systems
[1.132s] INFO:colcon.colcon_core.shell:Skip shell extension 'powershell' for command environment: Not usable outside of PowerShell
[1.132s] DEBUG:colcon.colcon_core.shell:Skip shell extension 'dsv' for command environment
[1.166s] INFO:colcon.colcon_ros.task.ament_python.build:Building ROS package in '/home/amir/files/workspaces/ROS-Communications-CPP-Python/src/python_package' with build type 'ament_python'
[1.166s] Level 1:colcon.colcon_core.shell:create_environment_hook('python_package', 'ament_prefix_path')
[1.179s] INFO:colcon.colcon_core.shell:Creating environment hook '/home/amir/files/workspaces/ROS-Communications-CPP-Python/install/python_package/share/python_package/hook/ament_prefix_path.ps1'
[1.180s] INFO:colcon.colcon_core.shell:Creating environment descriptor '/home/amir/files/workspaces/ROS-Communications-CPP-Python/install/python_package/share/python_package/hook/ament_prefix_path.dsv'
[1.180s] INFO:colcon.colcon_core.shell:Creating environment hook '/home/amir/files/workspaces/ROS-Communications-CPP-Python/install/python_package/share/python_package/hook/ament_prefix_path.sh'
[1.194s] INFO:colcon.colcon_core.shell:Skip shell extension 'powershell' for command environment: Not usable outside of PowerShell
[1.194s] DEBUG:colcon.colcon_core.shell:Skip shell extension 'dsv' for command environment
[1.226s] DEBUG:colcon.colcon_core.event_handler.log_command:Invoking command in '/home/amir/files/workspaces/ROS-Communications-CPP-Python/build/cpp_package': CMAKE_PREFIX_PATH=/opt/ros/humble /usr/bin/cmake /home/amir/files/workspaces/ROS-Communications-CPP-Python/src/cpp_package -DCMAKE_INSTALL_PREFIX=/home/amir/files/workspaces/ROS-Communications-CPP-Python/install/cpp_package
[1.448s] INFO:colcon.colcon_core.task.python.build:Building Python package in '/home/amir/files/workspaces/ROS-Communications-CPP-Python/src/python_package'
[1.463s] INFO:colcon.colcon_core.shell:Skip shell extension 'powershell' for command environment: Not usable outside of PowerShell
[1.463s] DEBUG:colcon.colcon_core.shell:Skip shell extension 'dsv' for command environment
[1.810s] DEBUG:colcon.colcon_core.event_handler.log_command:Invoking command in '/home/amir/files/workspaces/ROS-Communications-CPP-Python/src/python_package': PYTHONPATH=/home/amir/files/workspaces/ROS-Communications-CPP-Python/build/python_package/prefix_override:/home/amir/files/workspaces/ROS-Communications-CPP-Python/install/python_package/lib/python3.10/site-packages:${PYTHONPATH} /usr/bin/python3 setup.py egg_info --egg-base ../../build/python_package build --build-base /home/amir/files/workspaces/ROS-Communications-CPP-Python/build/python_package/build install --record /home/amir/files/workspaces/ROS-Communications-CPP-Python/build/python_package/install.log --single-version-externally-managed
[2.060s] DEBUG:colcon.colcon_core.event_handler.log_command:Invoked command in '/home/amir/files/workspaces/ROS-Communications-CPP-Python/src/python_package' returned '0': PYTHONPATH=/home/amir/files/workspaces/ROS-Communications-CPP-Python/build/python_package/prefix_override:/home/amir/files/workspaces/ROS-Communications-CPP-Python/install/python_package/lib/python3.10/site-packages:${PYTHONPATH} /usr/bin/python3 setup.py egg_info --egg-base ../../build/python_package build --build-base /home/amir/files/workspaces/ROS-Communications-CPP-Python/build/python_package/build install --record /home/amir/files/workspaces/ROS-Communications-CPP-Python/build/python_package/install.log --single-version-externally-managed
[2.079s] Level 1:colcon.colcon_core.environment:checking '/home/amir/files/workspaces/ROS-Communications-CPP-Python/install/python_package' for CMake module files
[2.079s] Level 1:colcon.colcon_core.environment:checking '/home/amir/files/workspaces/ROS-Communications-CPP-Python/install/python_package' for CMake config files
[2.080s] Level 1:colcon.colcon_core.environment:checking '/home/amir/files/workspaces/ROS-Communications-CPP-Python/install/python_package/lib'
[2.080s] Level 1:colcon.colcon_core.environment:checking '/home/amir/files/workspaces/ROS-Communications-CPP-Python/install/python_package/bin'
[2.080s] Level 1:colcon.colcon_core.environment:checking '/home/amir/files/workspaces/ROS-Communications-CPP-Python/install/python_package/lib/pkgconfig/python_package.pc'
[2.080s] Level 1:colcon.colcon_core.environment:checking '/home/amir/files/workspaces/ROS-Communications-CPP-Python/install/python_package/lib/python3.10/site-packages'
[2.080s] Level 1:colcon.colcon_core.shell:create_environment_hook('python_package', 'pythonpath')
[2.095s] INFO:colcon.colcon_core.shell:Creating environment hook '/home/amir/files/workspaces/ROS-Communications-CPP-Python/install/python_package/share/python_package/hook/pythonpath.ps1'
[2.095s] INFO:colcon.colcon_core.shell:Creating environment descriptor '/home/amir/files/workspaces/ROS-Communications-CPP-Python/install/python_package/share/python_package/hook/pythonpath.dsv'
[2.095s] INFO:colcon.colcon_core.shell:Creating environment hook '/home/amir/files/workspaces/ROS-Communications-CPP-Python/install/python_package/share/python_package/hook/pythonpath.sh'
[2.096s] Level 1:colcon.colcon_core.environment:checking '/home/amir/files/workspaces/ROS-Communications-CPP-Python/install/python_package/bin'
[2.096s] Level 1:colcon.colcon_core.environment:create_environment_scripts_only(python_package)
[2.112s] INFO:colcon.colcon_core.shell:Creating package script '/home/amir/files/workspaces/ROS-Communications-CPP-Python/install/python_package/share/python_package/package.ps1'
[2.113s] INFO:colcon.colcon_core.shell:Creating package descriptor '/home/amir/files/workspaces/ROS-Communications-CPP-Python/install/python_package/share/python_package/package.dsv'
[2.113s] INFO:colcon.colcon_core.shell:Creating package script '/home/amir/files/workspaces/ROS-Communications-CPP-Python/install/python_package/share/python_package/package.sh'
[2.114s] INFO:colcon.colcon_core.shell:Creating package script '/home/amir/files/workspaces/ROS-Communications-CPP-Python/install/python_package/share/python_package/package.bash'
[2.114s] INFO:colcon.colcon_core.shell:Creating package script '/home/amir/files/workspaces/ROS-Communications-CPP-Python/install/python_package/share/python_package/package.zsh'
[2.115s] Level 1:colcon.colcon_core.environment:create_file_with_runtime_dependencies(/home/amir/files/workspaces/ROS-Communications-CPP-Python/install/python_package/share/colcon-core/packages/python_package)
[2.303s] DEBUG:colcon.colcon_core.event_handler.log_command:Invoked command in '/home/amir/files/workspaces/ROS-Communications-CPP-Python/build/cpp_package' returned '0': CMAKE_PREFIX_PATH=/opt/ros/humble /usr/bin/cmake /home/amir/files/workspaces/ROS-Communications-CPP-Python/src/cpp_package -DCMAKE_INSTALL_PREFIX=/home/amir/files/workspaces/ROS-Communications-CPP-Python/install/cpp_package
[2.305s] DEBUG:colcon.colcon_core.event_handler.log_command:Invoking command in '/home/amir/files/workspaces/ROS-Communications-CPP-Python/build/cpp_package': CMAKE_PREFIX_PATH=/opt/ros/humble /usr/bin/cmake --build /home/amir/files/workspaces/ROS-Communications-CPP-Python/build/cpp_package -- -j16 -l16
[5.695s] DEBUG:colcon.colcon_core.event_handler.log_command:Invoked command in '/home/amir/files/workspaces/ROS-Communications-CPP-Python/build/cpp_package' returned '0': CMAKE_PREFIX_PATH=/opt/ros/humble /usr/bin/cmake --build /home/amir/files/workspaces/ROS-Communications-CPP-Python/build/cpp_package -- -j16 -l16
[5.729s] DEBUG:colcon.colcon_core.event_handler.log_command:Invoking command in '/home/amir/files/workspaces/ROS-Communications-CPP-Python/build/cpp_package': CMAKE_PREFIX_PATH=/opt/ros/humble /usr/bin/cmake --install /home/amir/files/workspaces/ROS-Communications-CPP-Python/build/cpp_package
[5.741s] Level 1:colcon.colcon_core.environment:create_environment_scripts_only(cpp_package)
[5.742s] DEBUG:colcon.colcon_core.event_handler.log_command:Invoked command in '/home/amir/files/workspaces/ROS-Communications-CPP-Python/build/cpp_package' returned '0': CMAKE_PREFIX_PATH=/opt/ros/humble /usr/bin/cmake --install /home/amir/files/workspaces/ROS-Communications-CPP-Python/build/cpp_package
[5.755s] Level 1:colcon.colcon_core.environment:checking '/home/amir/files/workspaces/ROS-Communications-CPP-Python/install/cpp_package' for CMake module files
[5.755s] Level 1:colcon.colcon_core.environment:checking '/home/amir/files/workspaces/ROS-Communications-CPP-Python/install/cpp_package' for CMake config files
[5.755s] Level 1:colcon.colcon_core.shell:create_environment_hook('cpp_package', 'cmake_prefix_path')
[5.768s] INFO:colcon.colcon_core.shell:Creating environment hook '/home/amir/files/workspaces/ROS-Communications-CPP-Python/install/cpp_package/share/cpp_package/hook/cmake_prefix_path.ps1'
[5.769s] INFO:colcon.colcon_core.shell:Creating environment descriptor '/home/amir/files/workspaces/ROS-Communications-CPP-Python/install/cpp_package/share/cpp_package/hook/cmake_prefix_path.dsv'
[5.769s] INFO:colcon.colcon_core.shell:Creating environment hook '/home/amir/files/workspaces/ROS-Communications-CPP-Python/install/cpp_package/share/cpp_package/hook/cmake_prefix_path.sh'
[5.769s] Level 1:colcon.colcon_core.environment:checking '/home/amir/files/workspaces/ROS-Communications-CPP-Python/install/cpp_package/lib'
[5.770s] Level 1:colcon.colcon_core.environment:checking '/home/amir/files/workspaces/ROS-Communications-CPP-Python/install/cpp_package/bin'
[5.770s] Level 1:colcon.colcon_core.environment:checking '/home/amir/files/workspaces/ROS-Communications-CPP-Python/install/cpp_package/lib/pkgconfig/cpp_package.pc'
[5.770s] Level 1:colcon.colcon_core.environment:checking '/home/amir/files/workspaces/ROS-Communications-CPP-Python/install/cpp_package/lib/python3.10/site-packages'
[5.770s] Level 1:colcon.colcon_core.environment:checking '/home/amir/files/workspaces/ROS-Communications-CPP-Python/install/cpp_package/bin'
[5.783s] INFO:colcon.colcon_core.shell:Creating package script '/home/amir/files/workspaces/ROS-Communications-CPP-Python/install/cpp_package/share/cpp_package/package.ps1'
[5.783s] INFO:colcon.colcon_core.shell:Creating package descriptor '/home/amir/files/workspaces/ROS-Communications-CPP-Python/install/cpp_package/share/cpp_package/package.dsv'
[5.783s] INFO:colcon.colcon_core.shell:Creating package script '/home/amir/files/workspaces/ROS-Communications-CPP-Python/install/cpp_package/share/cpp_package/package.sh'
[5.784s] INFO:colcon.colcon_core.shell:Creating package script '/home/amir/files/workspaces/ROS-Communications-CPP-Python/install/cpp_package/share/cpp_package/package.bash'
[5.784s] INFO:colcon.colcon_core.shell:Creating package script '/home/amir/files/workspaces/ROS-Communications-CPP-Python/install/cpp_package/share/cpp_package/package.zsh'
[5.784s] Level 1:colcon.colcon_core.environment:create_file_with_runtime_dependencies(/home/amir/files/workspaces/ROS-Communications-CPP-Python/install/cpp_package/share/colcon-core/packages/cpp_package)
[5.821s] Level 1:colcon.colcon_core.environment:create_environment_scripts_only(cpp_package)
[5.833s] Level 1:colcon.colcon_core.environment:checking '/home/amir/files/workspaces/ROS-Communications-CPP-Python/install/cpp_package' for CMake module files
[5.834s] Level 1:colcon.colcon_core.environment:checking '/home/amir/files/workspaces/ROS-Communications-CPP-Python/install/cpp_package' for CMake config files
[5.834s] Level 1:colcon.colcon_core.shell:create_environment_hook('cpp_package', 'cmake_prefix_path')
[5.846s] INFO:colcon.colcon_core.shell:Creating environment hook '/home/amir/files/workspaces/ROS-Communications-CPP-Python/install/cpp_package/share/cpp_package/hook/cmake_prefix_path.ps1'
[5.847s] INFO:colcon.colcon_core.shell:Creating environment descriptor '/home/amir/files/workspaces/ROS-Communications-CPP-Python/install/cpp_package/share/cpp_package/hook/cmake_prefix_path.dsv'
[5.847s] INFO:colcon.colcon_core.shell:Creating environment hook '/home/amir/files/workspaces/ROS-Communications-CPP-Python/install/cpp_package/share/cpp_package/hook/cmake_prefix_path.sh'
[5.848s] Level 1:colcon.colcon_core.environment:checking '/home/amir/files/workspaces/ROS-Communications-CPP-Python/install/cpp_package/lib'
[5.848s] Level 1:colcon.colcon_core.environment:checking '/home/amir/files/workspaces/ROS-Communications-CPP-Python/install/cpp_package/bin'
[5.848s] Level 1:colcon.colcon_core.environment:checking '/home/amir/files/workspaces/ROS-Communications-CPP-Python/install/cpp_package/lib/pkgconfig/cpp_package.pc'
[5.848s] Level 1:colcon.colcon_core.environment:checking '/home/amir/files/workspaces/ROS-Communications-CPP-Python/install/cpp_package/lib/python3.10/site-packages'
[5.848s] Level 1:colcon.colcon_core.environment:checking '/home/amir/files/workspaces/ROS-Communications-CPP-Python/install/cpp_package/bin'
[5.861s] INFO:colcon.colcon_core.shell:Creating package script '/home/amir/files/workspaces/ROS-Communications-CPP-Python/install/cpp_package/share/cpp_package/package.ps1'
[5.862s] INFO:colcon.colcon_core.shell:Creating package descriptor '/home/amir/files/workspaces/ROS-Communications-CPP-Python/install/cpp_package/share/cpp_package/package.dsv'
[5.862s] INFO:colcon.colcon_core.shell:Creating package script '/home/amir/files/workspaces/ROS-Communications-CPP-Python/install/cpp_package/share/cpp_package/package.sh'
[5.862s] INFO:colcon.colcon_core.shell:Creating package script '/home/amir/files/workspaces/ROS-Communications-CPP-Python/install/cpp_package/share/cpp_package/package.bash'
[5.863s] INFO:colcon.colcon_core.shell:Creating package script '/home/amir/files/workspaces/ROS-Communications-CPP-Python/install/cpp_package/share/cpp_package/package.zsh'
[5.863s] Level 1:colcon.colcon_core.environment:create_file_with_runtime_dependencies(/home/amir/files/workspaces/ROS-Communications-CPP-Python/install/cpp_package/share/colcon-core/packages/cpp_package)
[5.864s] DEBUG:colcon.colcon_parallel_executor.executor.parallel:closing loop
[5.864s] DEBUG:colcon.colcon_parallel_executor.executor.parallel:loop closed
[5.864s] DEBUG:colcon.colcon_parallel_executor.executor.parallel:run_until_complete finished with '0'
[5.864s] DEBUG:colcon.colcon_core.event_reactor:joining thread
[5.881s] INFO:colcon.colcon_core.plugin_system:Skipping extension 'colcon_notification.desktop_notification.terminal_notifier': Not used on non-Darwin systems
[5.881s] INFO:colcon.colcon_core.plugin_system:Skipping extension 'colcon_notification.desktop_notification.win32': Not used on non-Windows systems
[5.881s] INFO:colcon.colcon_notification.desktop_notification:Sending desktop notification using 'notify2'
[5.891s] DEBUG:colcon.colcon_core.event_reactor:joined thread
[5.904s] INFO:colcon.colcon_core.shell:Creating prefix script '/home/amir/files/workspaces/ROS-Communications-CPP-Python/install/local_setup.ps1'
[5.905s] INFO:colcon.colcon_core.shell:Creating prefix util module '/home/amir/files/workspaces/ROS-Communications-CPP-Python/install/_local_setup_util_ps1.py'
[5.906s] INFO:colcon.colcon_core.shell:Creating prefix chain script '/home/amir/files/workspaces/ROS-Communications-CPP-Python/install/setup.ps1'
[5.919s] INFO:colcon.colcon_core.shell:Creating prefix script '/home/amir/files/workspaces/ROS-Communications-CPP-Python/install/local_setup.sh'
[5.919s] INFO:colcon.colcon_core.shell:Creating prefix util module '/home/amir/files/workspaces/ROS-Communications-CPP-Python/install/_local_setup_util_sh.py'
[5.920s] INFO:colcon.colcon_core.shell:Creating prefix chain script '/home/amir/files/workspaces/ROS-Communications-CPP-Python/install/setup.sh'
[5.933s] INFO:colcon.colcon_core.shell:Creating prefix script '/home/amir/files/workspaces/ROS-Communications-CPP-Python/install/local_setup.bash'
[5.934s] INFO:colcon.colcon_core.shell:Creating prefix chain script '/home/amir/files/workspaces/ROS-Communications-CPP-Python/install/setup.bash'
[5.947s] INFO:colcon.colcon_core.shell:Creating prefix script '/home/amir/files/workspaces/ROS-Communications-CPP-Python/install/local_setup.zsh'
[5.947s] INFO:colcon.colcon_core.shell:Creating prefix chain script '/home/amir/files/workspaces/ROS-Communications-CPP-Python/install/setup.zsh'
