[0.621s] Invoking command in '/home/amir/files/workspaces/ROS-Communications-CPP-Python/src/python_package': PYTHONPATH=/home/amir/files/workspaces/ROS-Communications-CPP-Python/build/python_package/prefix_override:/home/amir/files/workspaces/ROS-Communications-CPP-Python/install/python_package/lib/python3.10/site-packages:${PYTHONPATH} /usr/bin/python3 setup.py egg_info --egg-base ../../build/python_package build --build-base /home/amir/files/workspaces/ROS-Communications-CPP-Python/build/python_package/build install --record /home/amir/files/workspaces/ROS-Communications-CPP-Python/build/python_package/install.log --single-version-externally-managed
[0.813s] running egg_info
[0.813s] writing ../../build/python_package/python_package.egg-info/PKG-INFO
[0.813s] writing dependency_links to ../../build/python_package/python_package.egg-info/dependency_links.txt
[0.814s] writing entry points to ../../build/python_package/python_package.egg-info/entry_points.txt
[0.814s] writing requirements to ../../build/python_package/python_package.egg-info/requires.txt
[0.814s] writing top-level names to ../../build/python_package/python_package.egg-info/top_level.txt
[0.815s] reading manifest file '../../build/python_package/python_package.egg-info/SOURCES.txt'
[0.815s] adding license file 'LICENSE'
[0.816s] writing manifest file '../../build/python_package/python_package.egg-info/SOURCES.txt'
[0.816s] running build
[0.816s] running build_py
[0.816s] running install
[0.816s] /usr/lib/python3/dist-packages/setuptools/command/install.py:34: SetuptoolsDeprecationWarning: setup.py install is deprecated. Use build and pip and other standards-based tools.
[0.816s]   warnings.warn(
[0.816s] running install_lib
[0.818s] running install_data
[0.818s] running install_egg_info
[0.819s] removing '/home/amir/files/workspaces/ROS-Communications-CPP-Python/install/python_package/lib/python3.10/site-packages/python_package-0.0.0-py3.10.egg-info' (and everything under it)
[0.820s] Copying ../../build/python_package/python_package.egg-info to /home/amir/files/workspaces/ROS-Communications-CPP-Python/install/python_package/lib/python3.10/site-packages/python_package-0.0.0-py3.10.egg-info
[0.821s] running install_scripts
[0.838s] Installing listener script to /home/amir/files/workspaces/ROS-Communications-CPP-Python/install/python_package/lib/python_package
[0.838s] writing list of installed files to '/home/amir/files/workspaces/ROS-Communications-CPP-Python/build/python_package/install.log'
[0.859s] Invoked command in '/home/amir/files/workspaces/ROS-Communications-CPP-Python/src/python_package' returned '0': PYTHONPATH=/home/amir/files/workspaces/ROS-Communications-CPP-Python/build/python_package/prefix_override:/home/amir/files/workspaces/ROS-Communications-CPP-Python/install/python_package/lib/python3.10/site-packages:${PYTHONPATH} /usr/bin/python3 setup.py egg_info --egg-base ../../build/python_package build --build-base /home/amir/files/workspaces/ROS-Communications-CPP-Python/build/python_package/build install --record /home/amir/files/workspaces/ROS-Communications-CPP-Python/build/python_package/install.log --single-version-externally-managed
