-- Found ament_cmake: 1.3.8 (/opt/ros/humble/share/ament_cmake/cmake)
-- Found rclcpp: 16.0.8 (/opt/ros/humble/share/rclcpp/cmake)
-- Found rosidl_generator_c: 3.1.5 (/opt/ros/humble/share/rosidl_generator_c/cmake)
-- Found rosidl_adapter: 3.1.5 (/opt/ros/humble/share/rosidl_adapter/cmake)
-- Found rosidl_generator_cpp: 3.1.5 (/opt/ros/humble/share/rosidl_generator_cpp/cmake)
-- Using all available rosidl_typesupport_c: rosidl_typesupport_fastrtps_c;rosidl_typesupport_introspection_c
-- Using all available rosidl_typesupport_cpp: rosidl_typesupport_fastrtps_cpp;rosidl_typesupport_introspection_cpp
-- Found rmw_implementation_cmake: 6.1.1 (/opt/ros/humble/share/rmw_implementation_cmake/cmake)
-- Found rmw_fastrtps_cpp: 6.2.6 (/opt/ros/humble/share/rmw_fastrtps_cpp/cmake)
-- Using RMW implementation 'rmw_fastrtps_cpp' as default
-- Found ament_lint_auto: 0.12.10 (/opt/ros/humble/share/ament_lint_auto/cmake)
-- Added test 'cppcheck' to perform static code analysis on C / C++ code
-- Configured cppcheck include dirs: 
-- Configured cppcheck exclude dirs and/or files: 
-- Added test 'lint_cmake' to check CMake code style
-- Added test 'uncrustify' to check C / C++ code style
-- Configured uncrustify additional arguments: 
-- Added test 'xmllint' to check XML markup files
-- Configuring done
-- Generating done
-- Build files have been written to: /home/amir/files/workspaces/ROS-Communications-CPP-Python/build/cpp_package
[35m[1mConsolidate compiler generated dependencies of target talker[0m
[100%] Built target talker
-- Install configuration: ""
-- Installing: /home/amir/files/workspaces/ROS-Communications-CPP-Python/install/cpp_package/lib/cpp_package/talker
-- Set runtime path of "/home/amir/files/workspaces/ROS-Communications-CPP-Python/install/cpp_package/lib/cpp_package/talker" to ""
-- Up-to-date: /home/amir/files/workspaces/ROS-Communications-CPP-Python/install/cpp_package/share/ament_index/resource_index/package_run_dependencies/cpp_package
-- Installing: /home/amir/files/workspaces/ROS-Communications-CPP-Python/install/cpp_package/share/ament_index/resource_index/parent_prefix_path/cpp_package
-- Up-to-date: /home/amir/files/workspaces/ROS-Communications-CPP-Python/install/cpp_package/share/cpp_package/environment/ament_prefix_path.sh
-- Installing: /home/amir/files/workspaces/ROS-Communications-CPP-Python/install/cpp_package/share/cpp_package/environment/ament_prefix_path.dsv
-- Up-to-date: /home/amir/files/workspaces/ROS-Communications-CPP-Python/install/cpp_package/share/cpp_package/environment/path.sh
-- Installing: /home/amir/files/workspaces/ROS-Communications-CPP-Python/install/cpp_package/share/cpp_package/environment/path.dsv
-- Up-to-date: /home/amir/files/workspaces/ROS-Communications-CPP-Python/install/cpp_package/share/cpp_package/local_setup.bash
-- Up-to-date: /home/amir/files/workspaces/ROS-Communications-CPP-Python/install/cpp_package/share/cpp_package/local_setup.sh
-- Up-to-date: /home/amir/files/workspaces/ROS-Communications-CPP-Python/install/cpp_package/share/cpp_package/local_setup.zsh
-- Installing: /home/amir/files/workspaces/ROS-Communications-CPP-Python/install/cpp_package/share/cpp_package/local_setup.dsv
-- Installing: /home/amir/files/workspaces/ROS-Communications-CPP-Python/install/cpp_package/share/cpp_package/package.dsv
-- Up-to-date: /home/amir/files/workspaces/ROS-Communications-CPP-Python/install/cpp_package/share/ament_index/resource_index/packages/cpp_package
-- Up-to-date: /home/amir/files/workspaces/ROS-Communications-CPP-Python/install/cpp_package/share/cpp_package/cmake/cpp_packageConfig.cmake
-- Up-to-date: /home/amir/files/workspaces/ROS-Communications-CPP-Python/install/cpp_package/share/cpp_package/cmake/cpp_packageConfig-version.cmake
-- Up-to-date: /home/amir/files/workspaces/ROS-Communications-CPP-Python/install/cpp_package/share/cpp_package/package.xml
