[0.131s] Invoking command in '/home/amir/files/workspaces/ROS-Communications-CPP-Python/build/cpp_package': CMAKE_PREFIX_PATH=${CMAKE_PREFIX_PATH}:/home/amir/files/workspaces/ROS-Communications-CPP-Python/install/python_package:/opt/ros/humble /usr/bin/cmake --build /home/amir/files/workspaces/ROS-Communications-CPP-Python/build/cpp_package -- -j16 -l16
[0.153s] -- Found ament_cmake: 1.3.8 (/opt/ros/humble/share/ament_cmake/cmake)
[0.251s] -- Found rclcpp: 16.0.8 (/opt/ros/humble/share/rclcpp/cmake)
[0.274s] -- Found rosidl_generator_c: 3.1.5 (/opt/ros/humble/share/rosidl_generator_c/cmake)
[0.276s] -- Found rosidl_adapter: 3.1.5 (/opt/ros/humble/share/rosidl_adapter/cmake)
[0.281s] -- Found rosidl_generator_cpp: 3.1.5 (/opt/ros/humble/share/rosidl_generator_cpp/cmake)
[0.289s] -- Using all available rosidl_typesupport_c: rosidl_typesupport_fastrtps_c;rosidl_typesupport_introspection_c
[0.301s] -- Using all available rosidl_typesupport_cpp: rosidl_typesupport_fastrtps_cpp;rosidl_typesupport_introspection_cpp
[0.346s] -- Found rmw_implementation_cmake: 6.1.1 (/opt/ros/humble/share/rmw_implementation_cmake/cmake)
[0.347s] -- Found rmw_fastrtps_cpp: 6.2.6 (/opt/ros/humble/share/rmw_fastrtps_cpp/cmake)
[0.451s] -- Using RMW implementation 'rmw_fastrtps_cpp' as default
[0.567s] -- Found ament_lint_auto: 0.12.10 (/opt/ros/humble/share/ament_lint_auto/cmake)
[0.623s] -- Added test 'cppcheck' to perform static code analysis on C / C++ code
[0.623s] -- Configured cppcheck include dirs: 
[0.623s] -- Configured cppcheck exclude dirs and/or files: 
[0.623s] -- Added test 'lint_cmake' to check CMake code style
[0.624s] -- Added test 'uncrustify' to check C / C++ code style
[0.624s] -- Configured uncrustify additional arguments: 
[0.624s] -- Added test 'xmllint' to check XML markup files
[0.625s] -- Configuring done
[0.633s] -- Generating done
[0.634s] -- Build files have been written to: /home/amir/files/workspaces/ROS-Communications-CPP-Python/build/cpp_package
[0.659s] [35m[1mConsolidate compiler generated dependencies of target talker[0m
[0.679s] [100%] Built target talker
[0.690s] Invoked command in '/home/amir/files/workspaces/ROS-Communications-CPP-Python/build/cpp_package' returned '0': CMAKE_PREFIX_PATH=${CMAKE_PREFIX_PATH}:/home/amir/files/workspaces/ROS-Communications-CPP-Python/install/python_package:/opt/ros/humble /usr/bin/cmake --build /home/amir/files/workspaces/ROS-Communications-CPP-Python/build/cpp_package -- -j16 -l16
[0.724s] Invoking command in '/home/amir/files/workspaces/ROS-Communications-CPP-Python/build/cpp_package': CMAKE_PREFIX_PATH=${CMAKE_PREFIX_PATH}:/home/amir/files/workspaces/ROS-Communications-CPP-Python/install/python_package:/opt/ros/humble /usr/bin/cmake --install /home/amir/files/workspaces/ROS-Communications-CPP-Python/build/cpp_package
[0.731s] -- Install configuration: ""
[0.731s] -- Installing: /home/amir/files/workspaces/ROS-Communications-CPP-Python/install/cpp_package/lib/cpp_package/talker
[0.732s] -- Set runtime path of "/home/amir/files/workspaces/ROS-Communications-CPP-Python/install/cpp_package/lib/cpp_package/talker" to ""
[0.733s] -- Up-to-date: /home/amir/files/workspaces/ROS-Communications-CPP-Python/install/cpp_package/share/ament_index/resource_index/package_run_dependencies/cpp_package
[0.733s] -- Installing: /home/amir/files/workspaces/ROS-Communications-CPP-Python/install/cpp_package/share/ament_index/resource_index/parent_prefix_path/cpp_package
[0.733s] -- Up-to-date: /home/amir/files/workspaces/ROS-Communications-CPP-Python/install/cpp_package/share/cpp_package/environment/ament_prefix_path.sh
[0.733s] -- Installing: /home/amir/files/workspaces/ROS-Communications-CPP-Python/install/cpp_package/share/cpp_package/environment/ament_prefix_path.dsv
[0.733s] -- Up-to-date: /home/amir/files/workspaces/ROS-Communications-CPP-Python/install/cpp_package/share/cpp_package/environment/path.sh
[0.733s] -- Installing: /home/amir/files/workspaces/ROS-Communications-CPP-Python/install/cpp_package/share/cpp_package/environment/path.dsv
[0.733s] -- Up-to-date: /home/amir/files/workspaces/ROS-Communications-CPP-Python/install/cpp_package/share/cpp_package/local_setup.bash
[0.733s] -- Up-to-date: /home/amir/files/workspaces/ROS-Communications-CPP-Python/install/cpp_package/share/cpp_package/local_setup.sh
[0.733s] -- Up-to-date: /home/amir/files/workspaces/ROS-Communications-CPP-Python/install/cpp_package/share/cpp_package/local_setup.zsh
[0.733s] -- Installing: /home/amir/files/workspaces/ROS-Communications-CPP-Python/install/cpp_package/share/cpp_package/local_setup.dsv
[0.734s] -- Installing: /home/amir/files/workspaces/ROS-Communications-CPP-Python/install/cpp_package/share/cpp_package/package.dsv
[0.734s] -- Up-to-date: /home/amir/files/workspaces/ROS-Communications-CPP-Python/install/cpp_package/share/ament_index/resource_index/packages/cpp_package
[0.734s] -- Up-to-date: /home/amir/files/workspaces/ROS-Communications-CPP-Python/install/cpp_package/share/cpp_package/cmake/cpp_packageConfig.cmake
[0.734s] -- Up-to-date: /home/amir/files/workspaces/ROS-Communications-CPP-Python/install/cpp_package/share/cpp_package/cmake/cpp_packageConfig-version.cmake
[0.734s] -- Up-to-date: /home/amir/files/workspaces/ROS-Communications-CPP-Python/install/cpp_package/share/cpp_package/package.xml
[0.736s] Invoked command in '/home/amir/files/workspaces/ROS-Communications-CPP-Python/build/cpp_package' returned '0': CMAKE_PREFIX_PATH=${CMAKE_PREFIX_PATH}:/home/amir/files/workspaces/ROS-Communications-CPP-Python/install/python_package:/opt/ros/humble /usr/bin/cmake --install /home/amir/files/workspaces/ROS-Communications-CPP-Python/build/cpp_package
